{"ts": "2026-03-19T11:38:20.569990+00:00", "level": "INFO", "message": "message_received", "conversation_id": "abc-123", "channel": "whatsapp", "from_number": "+5511999999999"}
{"ts": "2026-03-19T11:38:21.259027+00:00", "level": "ERROR", "message": "genie_failed", "conversation_id": "abc-123", "error": "Failed to send: Worker \"team-lead@omni-whatsapp\" not found or not alive"}
{"ts": "2026-03-19T11:39:06.788447+00:00", "level": "INFO", "message": "message_received", "conversation_id": "abc-123", "channel": "whatsapp", "from_number": "+5511999999999"}
{"ts": "2026-03-19T11:39:07.263504+00:00", "level": "ERROR", "message": "genie_failed", "conversation_id": "abc-123", "error": "Failed to send: Worker \"team-lead@omni-whatsapp\" not found or not alive"}
{"ts": "2026-03-19T11:40:00.936887+00:00", "level": "INFO", "message": "message_received", "conversation_id": "abc-124", "channel": "whatsapp", "from_number": "+5511999999999"}
{"ts": "2026-03-19T11:40:01.443864+00:00", "level": "ERROR", "message": "genie_failed", "conversation_id": "abc-124", "error": "Failed to send: Worker \"team-lead@omni-whatsapp\" not found or not alive"}
{"ts": "2026-03-19T11:40:14.235197+00:00", "level": "INFO", "message": "message_received", "conversation_id": "abc-125", "channel": "whatsapp", "from_number": "+5511999999999"}
{"ts": "2026-03-19T11:40:14.638083+00:00", "level": "ERROR", "message": "genie_failed", "conversation_id": "abc-125", "error": "Failed to send: Worker \"team-lead@omni-whatsapp\" not found or not alive"}
{"ts": "2026-03-19T11:46:03.112651+00:00", "level": "INFO", "message": "message_received", "conversation_id": "demo-open-ticket", "channel": "whatsapp", "from_number": "+5511999999999"}
{"ts": "2026-03-19T11:46:03.879082+00:00", "level": "ERROR", "message": "genie_failed", "conversation_id": "demo-open-ticket", "error": "Failed to send: Worker \"team-lead@omni-whatsapp\" not found or not alive"}
{"ts": "2026-03-19T11:46:08.355077+00:00", "level": "INFO", "message": "message_received", "conversation_id": "demo-request-information", "channel": "whatsapp", "from_number": "+5511999999999"}
{"ts": "2026-03-19T11:46:08.897000+00:00", "level": "ERROR", "message": "genie_failed", "conversation_id": "demo-request-information", "error": "Failed to send: Worker \"team-lead@omni-whatsapp\" not found or not alive"}
{"ts": "2026-03-19T11:46:12.839364+00:00", "level": "INFO", "message": "message_received", "conversation_id": "demo-high-scalable", "channel": "whatsapp", "from_number": "+5511999999999"}
{"ts": "2026-03-19T11:46:13.330128+00:00", "level": "ERROR", "message": "genie_failed", "conversation_id": "demo-high-scalable", "error": "Failed to send: Worker \"team-lead@omni-whatsapp\" not found or not alive"}
{"ts": "2026-03-19T14:04:10.874966+00:00", "level": "INFO", "message": "message_received", "conversation_id": "demo-open-ticket", "channel": "whatsapp", "from_number": "+5511999999999"}
{"ts": "2026-03-19T14:04:11.716047+00:00", "level": "ERROR", "message": "genie_failed", "conversation_id": "demo-open-ticket", "error": "Failed to send: Worker \"team-lead@omni-whatsapp\" not found or not alive"}
{"ts": "2026-03-19T14:04:15.909524+00:00", "level": "INFO", "message": "message_received", "conversation_id": "demo-request-information", "channel": "whatsapp", "from_number": "+5511999999999"}
{"ts": "2026-03-19T14:04:16.316977+00:00", "level": "ERROR", "message": "genie_failed", "conversation_id": "demo-request-information", "error": "Failed to send: Worker \"team-lead@omni-whatsapp\" not found or not alive"}
{"ts": "2026-03-19T14:04:20.820645+00:00", "level": "INFO", "message": "message_received", "conversation_id": "demo-high-scalable", "channel": "whatsapp", "from_number": "+5511999999999"}
{"ts": "2026-03-19T14:04:21.258092+00:00", "level": "ERROR", "message": "genie_failed", "conversation_id": "demo-high-scalable", "error": "Failed to send: Worker \"team-lead@omni-whatsapp\" not found or not alive"}
{"ts": "2026-03-19T14:05:07.411741+00:00", "level": "INFO", "message": "message_received", "conversation_id": "demo-open-ticket", "channel": "whatsapp", "from_number": "+5511999999999"}
{"ts": "2026-03-19T14:05:08.328212+00:00", "level": "ERROR", "message": "genie_failed", "conversation_id": "demo-open-ticket", "error": "Failed to send: Worker \"team-lead@omni-whatsapp\" not found or not alive"}
{"ts": "2026-03-19T14:05:12.744889+00:00", "level": "INFO", "message": "message_received", "conversation_id": "demo-request-information", "channel": "whatsapp", "from_number": "+5511999999999"}
{"ts": "2026-03-19T14:05:13.226265+00:00", "level": "ERROR", "message": "genie_failed", "conversation_id": "demo-request-information", "error": "Failed to send: Worker \"team-lead@omni-whatsapp\" not found or not alive"}
{"ts": "2026-03-19T14:05:17.277479+00:00", "level": "INFO", "message": "message_received", "conversation_id": "demo-high-scalable", "channel": "whatsapp", "from_number": "+5511999999999"}
{"ts": "2026-03-19T14:05:17.713521+00:00", "level": "ERROR", "message": "genie_failed", "conversation_id": "demo-high-scalable", "error": "Failed to send: Worker \"team-lead@omni-whatsapp\" not found or not alive"}
